<?xml version="1.0" encoding="UTF-8"?>
<!-- Generated by org.testng.reporters.JUnitReportReporter -->
<testsuite hostname="DESKTOP-0MGR9KI" failures="0" tests="1" name="Test_CameraTest" time="14.464" errors="0" timestamp="2022-06-23T11:47:23 ICT" skipped="0">
  <testcase classname="Test_CameraTest" name="testCameraTest" time="14.464"/>
  <system-out/>
</testsuite> <!-- Test_CameraTest -->
