<?xml version="1.0" encoding="UTF-8"?>
<!-- Generated by org.testng.reporters.JUnitReportReporter -->
<testsuite hostname="DESKTOP-0MGR9KI" failures="0" tests="2" name="com.cameratest.appium.Test_CameraTest" time="34.173" errors="0" timestamp="2022-06-23T22:39:02 ICT" skipped="1">
  <testcase classname="com.cameratest.appium.Test_CameraTest" name="testCameraTest" time="34.173"/>
  <system-out/>
  <testcase classname="com.cameratest.appium.Test_CameraTest" name="test_screenshotFull">
    <skipped/>
  </testcase> <!-- test_screenshotFull -->
  <system-out/>
</testsuite> <!-- com.cameratest.appium.Test_CameraTest -->
